2024-06-05 22:14:56 [32minfo[39m: Websocket server running on port 4002
2024-06-05 22:14:56 [32minfo[39m: Kaleido DApp backend listening on port 4001!
2024-06-05 22:15:43 [32minfo[39m: Websocket server running on port 4002
2024-06-05 22:15:43 [32minfo[39m: 'pollStorageFFI' already exists in FireFly. Ignoring.
2024-06-05 22:15:43 [32minfo[39m: Poll storage 'poll_created' event listener already exists in FireFly. Ignoring.
2024-06-05 22:15:43 [32minfo[39m: Poll storage 'vote_recorded' event listener already exists in FireFly. Ignoring.
2024-06-05 22:15:43 [32minfo[39m: Kaleido DApp backend listening on port 4001!
2024-06-05 22:16:05 [31merror[39m: json: cannot unmarshal array into Go struct field ContractCallRequest.input of type map[string]interface {}
2024-06-05 22:16:05 [31merror[39m: json: cannot unmarshal array into Go struct field ContractCallRequest.input of type map[string]interface {}
2024-06-05 22:16:05 [31merror[39m: json: cannot unmarshal array into Go struct field ContractCallRequest.input of type map[string]interface {}
2024-06-05 22:16:05 [31merror[39m: json: cannot unmarshal array into Go struct field ContractCallRequest.input of type map[string]interface {}
2024-06-05 22:24:30 [31merror[39m: json: cannot unmarshal array into Go struct field ContractCallRequest.input of type map[string]interface {}
2024-06-05 22:46:41 [32minfo[39m: Websocket server running on port 4002
2024-06-05 22:46:41 [32minfo[39m: 'pollStorageFFI' already exists in FireFly. Ignoring.
2024-06-05 22:46:41 [32minfo[39m: Poll storage 'poll_created' event listener already exists in FireFly. Ignoring.
2024-06-05 22:46:41 [32minfo[39m: Poll storage 'vote_recorded' event listener already exists in FireFly. Ignoring.
2024-06-05 22:46:41 [32minfo[39m: Kaleido DApp backend listening on port 4001!
2024-06-05 22:47:26 [31merror[39m: FF10304: Missing required input argument '_question'
2024-06-05 22:51:49 [32minfo[39m: Websocket server running on port 4002
2024-06-05 22:51:49 [32minfo[39m: 'pollStorageFFI' already exists in FireFly. Ignoring.
2024-06-05 22:51:49 [32minfo[39m: Poll storage 'poll_created' event listener already exists in FireFly. Ignoring.
2024-06-05 22:51:49 [32minfo[39m: Poll storage 'vote_recorded' event listener already exists in FireFly. Ignoring.
2024-06-05 22:51:49 [32minfo[39m: Kaleido DApp backend listening on port 4001!
2024-06-05 22:51:54 [32minfo[39m: [object Object]
2024-06-05 22:57:55 [32minfo[39m: Websocket server running on port 4002
2024-06-05 22:57:55 [32minfo[39m: 'pollStorageFFI' already exists in FireFly. Ignoring.
2024-06-05 22:57:55 [32minfo[39m: Poll storage 'poll_created' event listener already exists in FireFly. Ignoring.
2024-06-05 22:57:55 [32minfo[39m: Poll storage 'vote_recorded' event listener already exists in FireFly. Ignoring.
2024-06-05 22:57:55 [32minfo[39m: Kaleido DApp backend listening on port 4001!
2024-06-05 22:58:18 [31merror[39m: FF10111: Error from ethereum connector: FF23021: EVM reverted: Invalid option.
2024-06-05 23:01:55 [32minfo[39m: Websocket server running on port 4002
2024-06-05 23:01:55 [32minfo[39m: 'pollStorageFFI' already exists in FireFly. Ignoring.
2024-06-05 23:01:55 [32minfo[39m: Poll storage 'poll_created' event listener already exists in FireFly. Ignoring.
2024-06-05 23:01:55 [32minfo[39m: Poll storage 'vote_recorded' event listener already exists in FireFly. Ignoring.
2024-06-05 23:01:55 [32minfo[39m: Kaleido DApp backend listening on port 4001!
2024-06-05 23:06:15 [32minfo[39m: Websocket server running on port 4002
2024-06-05 23:06:15 [32minfo[39m: Kaleido DApp backend listening on port 4001!
2024-06-05 23:09:07 [32minfo[39m: Websocket server running on port 4002
2024-06-05 23:09:07 [32minfo[39m: 'pollStorageFFI' already exists in FireFly. Ignoring.
2024-06-05 23:09:07 [32minfo[39m: Poll storage 'poll_created' event listener already exists in FireFly. Ignoring.
2024-06-05 23:09:07 [32minfo[39m: Poll storage 'vote_recorded' event listener already exists in FireFly. Ignoring.
2024-06-05 23:09:07 [32minfo[39m: Kaleido DApp backend listening on port 4001!
